The system is: Linux - 5.11.0-41-generic - x86_64
Compiling the CXX compiler identification source file "CMakeCXXCompilerId.cpp" succeeded.
Compiler: /usr/bin/clang++-13 
Build flags: -fuse-ld=lld
Id flags:  

The output was:
0


Compilation of the CXX compiler identification source "CMakeCXXCompilerId.cpp" produced "a.out"

The CXX compiler identification is Clang, found in "/home/misha-sh/course/cmake-build-release/CMakeFiles/3.21.1/CompilerIdCXX/a.out"

Detecting CXX compiler ABI info compiled with the following output:
Change Dir: /home/misha-sh/course/cmake-build-release/CMakeFiles/CMakeTmp

Run Build Command(s):/home/misha-sh/.local/share/JetBrains/Toolbox/apps/CLion/ch-0/213.6461.75/bin/ninja/linux/ninja cmTC_ac0a0 && [1/2] Building CXX object CMakeFiles/cmTC_ac0a0.dir/CMakeCXXCompilerABI.cpp.o
Ubuntu clang version 13.0.1-++20211223123657+9468a0f95385-1~exp1~20211223003735.41
Target: x86_64-pc-linux-gnu
Thread model: posix
InstalledDir: /usr/bin
Found candidate GCC installation: /usr/bin/../lib/gcc/x86_64-linux-gnu/10
Found candidate GCC installation: /usr/bin/../lib/gcc/x86_64-linux-gnu/9
Selected GCC installation: /usr/bin/../lib/gcc/x86_64-linux-gnu/10
Candidate multilib: .;@m64
Selected multilib: .;@m64
clang: warning: argument unused during compilation: '-fuse-ld=lld' [-Wunused-command-line-argument]
 (in-process)
 "/usr/lib/llvm-13/bin/clang" -cc1 -triple x86_64-pc-linux-gnu -emit-obj -mrelax-all --mrelax-relocations -disable-free -disable-llvm-verifier -discard-value-names -main-file-name CMakeCXXCompilerABI.cpp -mrelocation-model static -mframe-pointer=all -fmath-errno -fno-rounding-math -mconstructor-aliases -munwind-tables -target-cpu x86-64 -tune-cpu generic -debugger-tuning=gdb -v -fcoverage-compilation-dir=/home/misha-sh/course/cmake-build-release/CMakeFiles/CMakeTmp -resource-dir /usr/lib/llvm-13/lib/clang/13.0.1 -dependency-file CMakeFiles/cmTC_ac0a0.dir/CMakeCXXCompilerABI.cpp.o.d -MT CMakeFiles/cmTC_ac0a0.dir/CMakeCXXCompilerABI.cpp.o -sys-header-deps -internal-isystem /usr/bin/../lib/gcc/x86_64-linux-gnu/10/../../../../include/c++/10 -internal-isystem /usr/bin/../lib/gcc/x86_64-linux-gnu/10/../../../../include/x86_64-linux-gnu/c++/10 -internal-isystem /usr/bin/../lib/gcc/x86_64-linux-gnu/10/../../../../include/c++/10/backward -internal-isystem /usr/lib/llvm-13/lib/clang/13.0.1/include -internal-isystem /usr/local/include -internal-isystem /usr/bin/../lib/gcc/x86_64-linux-gnu/10/../../../../x86_64-linux-gnu/include -internal-externc-isystem /usr/include/x86_64-linux-gnu -internal-externc-isystem /include -internal-externc-isystem /usr/include -fdeprecated-macro -fdebug-compilation-dir=/home/misha-sh/course/cmake-build-release/CMakeFiles/CMakeTmp -ferror-limit 19 -fgnuc-version=4.2.1 -fcxx-exceptions -fexceptions -faddrsig -D__GCC_HAVE_DWARF2_CFI_ASM=1 -o CMakeFiles/cmTC_ac0a0.dir/CMakeCXXCompilerABI.cpp.o -x c++ /home/misha-sh/.local/share/JetBrains/Toolbox/apps/CLion/ch-0/213.6461.75/bin/cmake/linux/share/cmake-3.21/Modules/CMakeCXXCompilerABI.cpp
clang -cc1 version 13.0.1 based upon LLVM 13.0.1 default target x86_64-pc-linux-gnu
ignoring nonexistent directory "/usr/bin/../lib/gcc/x86_64-linux-gnu/10/../../../../x86_64-linux-gnu/include"
ignoring nonexistent directory "/include"
#include "..." search starts here:
#include <...> search starts here:
 /usr/bin/../lib/gcc/x86_64-linux-gnu/10/../../../../include/c++/10
 /usr/bin/../lib/gcc/x86_64-linux-gnu/10/../../../../include/x86_64-linux-gnu/c++/10
 /usr/bin/../lib/gcc/x86_64-linux-gnu/10/../../../../include/c++/10/backward
 /usr/lib/llvm-13/lib/clang/13.0.1/include
 /usr/local/include
 /usr/include/x86_64-linux-gnu
 /usr/include
End of search list.
[2/2] Linking CXX executable cmTC_ac0a0
Ubuntu clang version 13.0.1-++20211223123657+9468a0f95385-1~exp1~20211223003735.41
Target: x86_64-pc-linux-gnu
Thread model: posix
InstalledDir: /usr/bin
Found candidate GCC installation: /usr/bin/../lib/gcc/x86_64-linux-gnu/10
Found candidate GCC installation: /usr/bin/../lib/gcc/x86_64-linux-gnu/9
Selected GCC installation: /usr/bin/../lib/gcc/x86_64-linux-gnu/10
Candidate multilib: .;@m64
Selected multilib: .;@m64
 "/usr/bin/ld.lld" -export-dynamic -z relro --hash-style=gnu --build-id --eh-frame-hdr -m elf_x86_64 -export-dynamic -dynamic-linker /lib64/ld-linux-x86-64.so.2 -o cmTC_ac0a0 /lib/x86_64-linux-gnu/crt1.o /lib/x86_64-linux-gnu/crti.o /usr/bin/../lib/gcc/x86_64-linux-gnu/10/crtbegin.o -L/usr/bin/../lib/gcc/x86_64-linux-gnu/10 -L/usr/bin/../lib/gcc/x86_64-linux-gnu/10/../../../../lib64 -L/lib/x86_64-linux-gnu -L/lib/../lib64 -L/usr/lib/x86_64-linux-gnu -L/usr/lib/../lib64 -L/usr/lib/llvm-13/bin/../lib -L/lib -L/usr/lib CMakeFiles/cmTC_ac0a0.dir/CMakeCXXCompilerABI.cpp.o -lstdc++ -lm -lgcc_s -lgcc -lc -lgcc_s -lgcc /usr/bin/../lib/gcc/x86_64-linux-gnu/10/crtend.o /lib/x86_64-linux-gnu/crtn.o



Parsed CXX implicit include dir info from above output: rv=done
  found start of include info
  found start of implicit include info
    add: [/usr/bin/../lib/gcc/x86_64-linux-gnu/10/../../../../include/c++/10]
    add: [/usr/bin/../lib/gcc/x86_64-linux-gnu/10/../../../../include/x86_64-linux-gnu/c++/10]
    add: [/usr/bin/../lib/gcc/x86_64-linux-gnu/10/../../../../include/c++/10/backward]
    add: [/usr/lib/llvm-13/lib/clang/13.0.1/include]
    add: [/usr/local/include]
    add: [/usr/include/x86_64-linux-gnu]
    add: [/usr/include]
  end of search list found
  collapse include dir [/usr/bin/../lib/gcc/x86_64-linux-gnu/10/../../../../include/c++/10] ==> [/usr/include/c++/10]
  collapse include dir [/usr/bin/../lib/gcc/x86_64-linux-gnu/10/../../../../include/x86_64-linux-gnu/c++/10] ==> [/usr/include/x86_64-linux-gnu/c++/10]
  collapse include dir [/usr/bin/../lib/gcc/x86_64-linux-gnu/10/../../../../include/c++/10/backward] ==> [/usr/include/c++/10/backward]
  collapse include dir [/usr/lib/llvm-13/lib/clang/13.0.1/include] ==> [/usr/lib/llvm-13/lib/clang/13.0.1/include]
  collapse include dir [/usr/local/include] ==> [/usr/local/include]
  collapse include dir [/usr/include/x86_64-linux-gnu] ==> [/usr/include/x86_64-linux-gnu]
  collapse include dir [/usr/include] ==> [/usr/include]
  implicit include dirs: [/usr/include/c++/10;/usr/include/x86_64-linux-gnu/c++/10;/usr/include/c++/10/backward;/usr/lib/llvm-13/lib/clang/13.0.1/include;/usr/local/include;/usr/include/x86_64-linux-gnu;/usr/include]


Parsed CXX implicit link information from above output:
  link line regex: [^( *|.*[/\])(ld\.lld-13|CMAKE_LINK_STARTFILE-NOTFOUND|([^/\]+-)?ld|collect2)[^/\]*( |$)]
  ignore line: [Change Dir: /home/misha-sh/course/cmake-build-release/CMakeFiles/CMakeTmp]
  ignore line: []
  ignore line: [Run Build Command(s):/home/misha-sh/.local/share/JetBrains/Toolbox/apps/CLion/ch-0/213.6461.75/bin/ninja/linux/ninja cmTC_ac0a0 && [1/2] Building CXX object CMakeFiles/cmTC_ac0a0.dir/CMakeCXXCompilerABI.cpp.o]
  ignore line: [Ubuntu clang version 13.0.1-++20211223123657+9468a0f95385-1~exp1~20211223003735.41]
  ignore line: [Target: x86_64-pc-linux-gnu]
  ignore line: [Thread model: posix]
  ignore line: [InstalledDir: /usr/bin]
  ignore line: [Found candidate GCC installation: /usr/bin/../lib/gcc/x86_64-linux-gnu/10]
  ignore line: [Found candidate GCC installation: /usr/bin/../lib/gcc/x86_64-linux-gnu/9]
  ignore line: [Selected GCC installation: /usr/bin/../lib/gcc/x86_64-linux-gnu/10]
  ignore line: [Candidate multilib: .]
  ignore line: [@m64]
  ignore line: [Selected multilib: .]
  ignore line: [@m64]
  ignore line: [clang: warning: argument unused during compilation: '-fuse-ld=lld' [-Wunused-command-line-argument]]
  ignore line: [ (in-process)]
  ignore line: [ "/usr/lib/llvm-13/bin/clang" -cc1 -triple x86_64-pc-linux-gnu -emit-obj -mrelax-all --mrelax-relocations -disable-free -disable-llvm-verifier -discard-value-names -main-file-name CMakeCXXCompilerABI.cpp -mrelocation-model static -mframe-pointer=all -fmath-errno -fno-rounding-math -mconstructor-aliases -munwind-tables -target-cpu x86-64 -tune-cpu generic -debugger-tuning=gdb -v -fcoverage-compilation-dir=/home/misha-sh/course/cmake-build-release/CMakeFiles/CMakeTmp -resource-dir /usr/lib/llvm-13/lib/clang/13.0.1 -dependency-file CMakeFiles/cmTC_ac0a0.dir/CMakeCXXCompilerABI.cpp.o.d -MT CMakeFiles/cmTC_ac0a0.dir/CMakeCXXCompilerABI.cpp.o -sys-header-deps -internal-isystem /usr/bin/../lib/gcc/x86_64-linux-gnu/10/../../../../include/c++/10 -internal-isystem /usr/bin/../lib/gcc/x86_64-linux-gnu/10/../../../../include/x86_64-linux-gnu/c++/10 -internal-isystem /usr/bin/../lib/gcc/x86_64-linux-gnu/10/../../../../include/c++/10/backward -internal-isystem /usr/lib/llvm-13/lib/clang/13.0.1/include -internal-isystem /usr/local/include -internal-isystem /usr/bin/../lib/gcc/x86_64-linux-gnu/10/../../../../x86_64-linux-gnu/include -internal-externc-isystem /usr/include/x86_64-linux-gnu -internal-externc-isystem /include -internal-externc-isystem /usr/include -fdeprecated-macro -fdebug-compilation-dir=/home/misha-sh/course/cmake-build-release/CMakeFiles/CMakeTmp -ferror-limit 19 -fgnuc-version=4.2.1 -fcxx-exceptions -fexceptions -faddrsig -D__GCC_HAVE_DWARF2_CFI_ASM=1 -o CMakeFiles/cmTC_ac0a0.dir/CMakeCXXCompilerABI.cpp.o -x c++ /home/misha-sh/.local/share/JetBrains/Toolbox/apps/CLion/ch-0/213.6461.75/bin/cmake/linux/share/cmake-3.21/Modules/CMakeCXXCompilerABI.cpp]
  ignore line: [clang -cc1 version 13.0.1 based upon LLVM 13.0.1 default target x86_64-pc-linux-gnu]
  ignore line: [ignoring nonexistent directory "/usr/bin/../lib/gcc/x86_64-linux-gnu/10/../../../../x86_64-linux-gnu/include"]
  ignore line: [ignoring nonexistent directory "/include"]
  ignore line: [#include "..." search starts here:]
  ignore line: [#include <...> search starts here:]
  ignore line: [ /usr/bin/../lib/gcc/x86_64-linux-gnu/10/../../../../include/c++/10]
  ignore line: [ /usr/bin/../lib/gcc/x86_64-linux-gnu/10/../../../../include/x86_64-linux-gnu/c++/10]
  ignore line: [ /usr/bin/../lib/gcc/x86_64-linux-gnu/10/../../../../include/c++/10/backward]
  ignore line: [ /usr/lib/llvm-13/lib/clang/13.0.1/include]
  ignore line: [ /usr/local/include]
  ignore line: [ /usr/include/x86_64-linux-gnu]
  ignore line: [ /usr/include]
  ignore line: [End of search list.]
  ignore line: [[2/2] Linking CXX executable cmTC_ac0a0]
  ignore line: [Ubuntu clang version 13.0.1-++20211223123657+9468a0f95385-1~exp1~20211223003735.41]
  ignore line: [Target: x86_64-pc-linux-gnu]
  ignore line: [Thread model: posix]
  ignore line: [InstalledDir: /usr/bin]
  ignore line: [Found candidate GCC installation: /usr/bin/../lib/gcc/x86_64-linux-gnu/10]
  ignore line: [Found candidate GCC installation: /usr/bin/../lib/gcc/x86_64-linux-gnu/9]
  ignore line: [Selected GCC installation: /usr/bin/../lib/gcc/x86_64-linux-gnu/10]
  ignore line: [Candidate multilib: .]
  ignore line: [@m64]
  ignore line: [Selected multilib: .]
  ignore line: [@m64]
  link line: [ "/usr/bin/ld.lld" -export-dynamic -z relro --hash-style=gnu --build-id --eh-frame-hdr -m elf_x86_64 -export-dynamic -dynamic-linker /lib64/ld-linux-x86-64.so.2 -o cmTC_ac0a0 /lib/x86_64-linux-gnu/crt1.o /lib/x86_64-linux-gnu/crti.o /usr/bin/../lib/gcc/x86_64-linux-gnu/10/crtbegin.o -L/usr/bin/../lib/gcc/x86_64-linux-gnu/10 -L/usr/bin/../lib/gcc/x86_64-linux-gnu/10/../../../../lib64 -L/lib/x86_64-linux-gnu -L/lib/../lib64 -L/usr/lib/x86_64-linux-gnu -L/usr/lib/../lib64 -L/usr/lib/llvm-13/bin/../lib -L/lib -L/usr/lib CMakeFiles/cmTC_ac0a0.dir/CMakeCXXCompilerABI.cpp.o -lstdc++ -lm -lgcc_s -lgcc -lc -lgcc_s -lgcc /usr/bin/../lib/gcc/x86_64-linux-gnu/10/crtend.o /lib/x86_64-linux-gnu/crtn.o]
    arg [/usr/bin/ld.lld] ==> ignore
    arg [-export-dynamic] ==> ignore
    arg [-zrelro] ==> ignore
    arg [--hash-style=gnu] ==> ignore
    arg [--build-id] ==> ignore
    arg [--eh-frame-hdr] ==> ignore
    arg [-m] ==> ignore
    arg [elf_x86_64] ==> ignore
    arg [-export-dynamic] ==> ignore
    arg [-dynamic-linker] ==> ignore
    arg [/lib64/ld-linux-x86-64.so.2] ==> ignore
    arg [-o] ==> ignore
    arg [cmTC_ac0a0] ==> ignore
    arg [/lib/x86_64-linux-gnu/crt1.o] ==> obj [/lib/x86_64-linux-gnu/crt1.o]
    arg [/lib/x86_64-linux-gnu/crti.o] ==> obj [/lib/x86_64-linux-gnu/crti.o]
    arg [/usr/bin/../lib/gcc/x86_64-linux-gnu/10/crtbegin.o] ==> obj [/usr/bin/../lib/gcc/x86_64-linux-gnu/10/crtbegin.o]
    arg [-L/usr/bin/../lib/gcc/x86_64-linux-gnu/10] ==> dir [/usr/bin/../lib/gcc/x86_64-linux-gnu/10]
    arg [-L/usr/bin/../lib/gcc/x86_64-linux-gnu/10/../../../../lib64] ==> dir [/usr/bin/../lib/gcc/x86_64-linux-gnu/10/../../../../lib64]
    arg [-L/lib/x86_64-linux-gnu] ==> dir [/lib/x86_64-linux-gnu]
    arg [-L/lib/../lib64] ==> dir [/lib/../lib64]
    arg [-L/usr/lib/x86_64-linux-gnu] ==> dir [/usr/lib/x86_64-linux-gnu]
    arg [-L/usr/lib/../lib64] ==> dir [/usr/lib/../lib64]
    arg [-L/usr/lib/llvm-13/bin/../lib] ==> dir [/usr/lib/llvm-13/bin/../lib]
    arg [-L/lib] ==> dir [/lib]
    arg [-L/usr/lib] ==> dir [/usr/lib]
    arg [CMakeFiles/cmTC_ac0a0.dir/CMakeCXXCompilerABI.cpp.o] ==> ignore
    arg [-lstdc++] ==> lib [stdc++]
    arg [-lm] ==> lib [m]
    arg [-lgcc_s] ==> lib [gcc_s]
    arg [-lgcc] ==> lib [gcc]
    arg [-lc] ==> lib [c]
    arg [-lgcc_s] ==> lib [gcc_s]
    arg [-lgcc] ==> lib [gcc]
    arg [/usr/bin/../lib/gcc/x86_64-linux-gnu/10/crtend.o] ==> obj [/usr/bin/../lib/gcc/x86_64-linux-gnu/10/crtend.o]
    arg [/lib/x86_64-linux-gnu/crtn.o] ==> obj [/lib/x86_64-linux-gnu/crtn.o]
  collapse obj [/usr/bin/../lib/gcc/x86_64-linux-gnu/10/crtbegin.o] ==> [/usr/lib/gcc/x86_64-linux-gnu/10/crtbegin.o]
  collapse obj [/usr/bin/../lib/gcc/x86_64-linux-gnu/10/crtend.o] ==> [/usr/lib/gcc/x86_64-linux-gnu/10/crtend.o]
  collapse library dir [/usr/bin/../lib/gcc/x86_64-linux-gnu/10] ==> [/usr/lib/gcc/x86_64-linux-gnu/10]
  collapse library dir [/usr/bin/../lib/gcc/x86_64-linux-gnu/10/../../../../lib64] ==> [/usr/lib64]
  collapse library dir [/lib/x86_64-linux-gnu] ==> [/lib/x86_64-linux-gnu]
  collapse library dir [/lib/../lib64] ==> [/lib64]
  collapse library dir [/usr/lib/x86_64-linux-gnu] ==> [/usr/lib/x86_64-linux-gnu]
  collapse library dir [/usr/lib/../lib64] ==> [/usr/lib64]
  collapse library dir [/usr/lib/llvm-13/bin/../lib] ==> [/usr/lib/llvm-13/lib]
  collapse library dir [/lib] ==> [/lib]
  collapse library dir [/usr/lib] ==> [/usr/lib]
  implicit libs: [stdc++;m;gcc_s;gcc;c;gcc_s;gcc]
  implicit objs: [/lib/x86_64-linux-gnu/crt1.o;/lib/x86_64-linux-gnu/crti.o;/usr/lib/gcc/x86_64-linux-gnu/10/crtbegin.o;/usr/lib/gcc/x86_64-linux-gnu/10/crtend.o;/lib/x86_64-linux-gnu/crtn.o]
  implicit dirs: [/usr/lib/gcc/x86_64-linux-gnu/10;/usr/lib64;/lib/x86_64-linux-gnu;/lib64;/usr/lib/x86_64-linux-gnu;/usr/lib/llvm-13/lib;/lib;/usr/lib]
  implicit fwks: []


Performing C++ SOURCE FILE Test RANGES_HAS_CXXSTD succeeded with the following output:
Change Dir: /home/misha-sh/course/cmake-build-release/CMakeFiles/CMakeTmp

Run Build Command(s):/home/misha-sh/.local/share/JetBrains/Toolbox/apps/CLion/ch-0/213.6461.75/bin/ninja/linux/ninja cmTC_45460 && [1/2] Building CXX object CMakeFiles/cmTC_45460.dir/src.cxx.o
clang: warning: argument unused during compilation: '-fuse-ld=lld' [-Wunused-command-line-argument]
[2/2] Linking CXX executable cmTC_45460


Source file was:
int main() { return 0; }
Performing C++ SOURCE FILE Test RANGES_HAS_WALL succeeded with the following output:
Change Dir: /home/misha-sh/course/cmake-build-release/CMakeFiles/CMakeTmp

Run Build Command(s):/home/misha-sh/.local/share/JetBrains/Toolbox/apps/CLion/ch-0/213.6461.75/bin/ninja/linux/ninja cmTC_d15bd && [1/2] Building CXX object CMakeFiles/cmTC_d15bd.dir/src.cxx.o
clang: warning: argument unused during compilation: '-fuse-ld=lld' [-Wunused-command-line-argument]
[2/2] Linking CXX executable cmTC_d15bd


Source file was:
int main() { return 0; }
Performing C++ SOURCE FILE Test RANGES_HAS_WEXTRA succeeded with the following output:
Change Dir: /home/misha-sh/course/cmake-build-release/CMakeFiles/CMakeTmp

Run Build Command(s):/home/misha-sh/.local/share/JetBrains/Toolbox/apps/CLion/ch-0/213.6461.75/bin/ninja/linux/ninja cmTC_0bdf5 && [1/2] Building CXX object CMakeFiles/cmTC_0bdf5.dir/src.cxx.o
clang: warning: argument unused during compilation: '-fuse-ld=lld' [-Wunused-command-line-argument]
[2/2] Linking CXX executable cmTC_0bdf5


Source file was:
int main() { return 0; }
Performing C++ SOURCE FILE Test RANGES_HAS_D__EXTERN_ALWAYS_INLINE succeeded with the following output:
Change Dir: /home/misha-sh/course/cmake-build-release/CMakeFiles/CMakeTmp

Run Build Command(s):/home/misha-sh/.local/share/JetBrains/Toolbox/apps/CLion/ch-0/213.6461.75/bin/ninja/linux/ninja cmTC_eb709 && [1/2] Building CXX object CMakeFiles/cmTC_eb709.dir/src.cxx.o
clang: warning: argument unused during compilation: '-fuse-ld=lld' [-Wunused-command-line-argument]
[2/2] Linking CXX executable cmTC_eb709


Source file was:
int main() { return 0; }
Performing C++ SOURCE FILE Test RANGES_HAS_FDIAGNOSTIC_SHOW_TEMPLATE_TREE succeeded with the following output:
Change Dir: /home/misha-sh/course/cmake-build-release/CMakeFiles/CMakeTmp

Run Build Command(s):/home/misha-sh/.local/share/JetBrains/Toolbox/apps/CLion/ch-0/213.6461.75/bin/ninja/linux/ninja cmTC_697b2 && [1/2] Building CXX object CMakeFiles/cmTC_697b2.dir/src.cxx.o
clang: warning: argument unused during compilation: '-fuse-ld=lld' [-Wunused-command-line-argument]
[2/2] Linking CXX executable cmTC_697b2


Source file was:
int main() { return 0; }
Performing C++ SOURCE FILE Test RANGES_HAS_FTEMPLATE_BACKTRACE_LIMIT succeeded with the following output:
Change Dir: /home/misha-sh/course/cmake-build-release/CMakeFiles/CMakeTmp

Run Build Command(s):/home/misha-sh/.local/share/JetBrains/Toolbox/apps/CLion/ch-0/213.6461.75/bin/ninja/linux/ninja cmTC_c6bac && [1/2] Building CXX object CMakeFiles/cmTC_c6bac.dir/src.cxx.o
clang: warning: argument unused during compilation: '-fuse-ld=lld' [-Wunused-command-line-argument]
[2/2] Linking CXX executable cmTC_c6bac


Source file was:
int main() { return 0; }
Performing C++ SOURCE FILE Test RANGES_HAS_FMACRO_BACKTRACE_LIMIT succeeded with the following output:
Change Dir: /home/misha-sh/course/cmake-build-release/CMakeFiles/CMakeTmp

Run Build Command(s):/home/misha-sh/.local/share/JetBrains/Toolbox/apps/CLion/ch-0/213.6461.75/bin/ninja/linux/ninja cmTC_9cbbb && [1/2] Building CXX object CMakeFiles/cmTC_9cbbb.dir/src.cxx.o
clang: warning: argument unused during compilation: '-fuse-ld=lld' [-Wunused-command-line-argument]
[2/2] Linking CXX executable cmTC_9cbbb


Source file was:
int main() { return 0; }
Performing C++ SOURCE FILE Test RANGES_HAS_OMIT_FRAME_POINTER succeeded with the following output:
Change Dir: /home/misha-sh/course/cmake-build-release/CMakeFiles/CMakeTmp

Run Build Command(s):/home/misha-sh/.local/share/JetBrains/Toolbox/apps/CLion/ch-0/213.6461.75/bin/ninja/linux/ninja cmTC_c619b && [1/2] Building CXX object CMakeFiles/cmTC_c619b.dir/src.cxx.o
clang: warning: argument unused during compilation: '-fuse-ld=lld' [-Wunused-command-line-argument]
[2/2] Linking CXX executable cmTC_c619b


Source file was:
int main() { return 0; }
Performing C++ SOURCE FILE Test RANGES_HAS_OFAST succeeded with the following output:
Change Dir: /home/misha-sh/course/cmake-build-release/CMakeFiles/CMakeTmp

Run Build Command(s):/home/misha-sh/.local/share/JetBrains/Toolbox/apps/CLion/ch-0/213.6461.75/bin/ninja/linux/ninja cmTC_feafa && [1/2] Building CXX object CMakeFiles/cmTC_feafa.dir/src.cxx.o
clang: warning: argument unused during compilation: '-fuse-ld=lld' [-Wunused-command-line-argument]
[2/2] Linking CXX executable cmTC_feafa


Source file was:
int main() { return 0; }
Performing C++ SOURCE FILE Test RANGES_HAS_STRICT_ALIASING succeeded with the following output:
Change Dir: /home/misha-sh/course/cmake-build-release/CMakeFiles/CMakeTmp

Run Build Command(s):/home/misha-sh/.local/share/JetBrains/Toolbox/apps/CLion/ch-0/213.6461.75/bin/ninja/linux/ninja cmTC_f2623 && [1/2] Building CXX object CMakeFiles/cmTC_f2623.dir/src.cxx.o
clang: warning: argument unused during compilation: '-fuse-ld=lld' [-Wunused-command-line-argument]
[2/2] Linking CXX executable cmTC_f2623


Source file was:
int main() { return 0; }
Performing C++ SOURCE FILE Test RANGES_HAS_STRICT_VTABLE_POINTERS succeeded with the following output:
Change Dir: /home/misha-sh/course/cmake-build-release/CMakeFiles/CMakeTmp

Run Build Command(s):/home/misha-sh/.local/share/JetBrains/Toolbox/apps/CLion/ch-0/213.6461.75/bin/ninja/linux/ninja cmTC_00bdf && [1/2] Building CXX object CMakeFiles/cmTC_00bdf.dir/src.cxx.o
clang: warning: argument unused during compilation: '-fuse-ld=lld' [-Wunused-command-line-argument]
[2/2] Linking CXX executable cmTC_00bdf


Source file was:
int main() { return 0; }
Performing C++ SOURCE FILE Test RANGES_HAS_FAST_MATH succeeded with the following output:
Change Dir: /home/misha-sh/course/cmake-build-release/CMakeFiles/CMakeTmp

Run Build Command(s):/home/misha-sh/.local/share/JetBrains/Toolbox/apps/CLion/ch-0/213.6461.75/bin/ninja/linux/ninja cmTC_a0c17 && [1/2] Building CXX object CMakeFiles/cmTC_a0c17.dir/src.cxx.o
clang: warning: argument unused during compilation: '-fuse-ld=lld' [-Wunused-command-line-argument]
[2/2] Linking CXX executable cmTC_a0c17


Source file was:
int main() { return 0; }
Performing C++ SOURCE FILE Test RANGES_HAS_VECTORIZE succeeded with the following output:
Change Dir: /home/misha-sh/course/cmake-build-release/CMakeFiles/CMakeTmp

Run Build Command(s):/home/misha-sh/.local/share/JetBrains/Toolbox/apps/CLion/ch-0/213.6461.75/bin/ninja/linux/ninja cmTC_61038 && [1/2] Building CXX object CMakeFiles/cmTC_61038.dir/src.cxx.o
clang: warning: argument unused during compilation: '-fuse-ld=lld' [-Wunused-command-line-argument]
[2/2] Linking CXX executable cmTC_61038


Source file was:
int main() { return 0; }
Performing C++ SOURCE FILE Test RANGES_HAS_SIZED_DEALLOCATION succeeded with the following output:
Change Dir: /home/misha-sh/course/cmake-build-release/CMakeFiles/CMakeTmp

Run Build Command(s):/home/misha-sh/.local/share/JetBrains/Toolbox/apps/CLion/ch-0/213.6461.75/bin/ninja/linux/ninja cmTC_66409 && [1/2] Building CXX object CMakeFiles/cmTC_66409.dir/src.cxx.o
clang: warning: argument unused during compilation: '-fuse-ld=lld' [-Wunused-command-line-argument]
[2/2] Linking CXX executable cmTC_66409


Source file was:
int main() { return 0; }
Performing C++ SOURCE FILE Test RANGES_HAS_MARCH_NATIVE succeeded with the following output:
Change Dir: /home/misha-sh/course/cmake-build-release/CMakeFiles/CMakeTmp

Run Build Command(s):/home/misha-sh/.local/share/JetBrains/Toolbox/apps/CLion/ch-0/213.6461.75/bin/ninja/linux/ninja cmTC_17f9e && [1/2] Building CXX object CMakeFiles/cmTC_17f9e.dir/src.cxx.o
clang: warning: argument unused during compilation: '-fuse-ld=lld' [-Wunused-command-line-argument]
[2/2] Linking CXX executable cmTC_17f9e


Source file was:
int main() { return 0; }
Performing C++ SOURCE FILE Test RANGES_HAS_MTUNE_NATIVE succeeded with the following output:
Change Dir: /home/misha-sh/course/cmake-build-release/CMakeFiles/CMakeTmp

Run Build Command(s):/home/misha-sh/.local/share/JetBrains/Toolbox/apps/CLion/ch-0/213.6461.75/bin/ninja/linux/ninja cmTC_d76e9 && [1/2] Building CXX object CMakeFiles/cmTC_d76e9.dir/src.cxx.o
clang: warning: argument unused during compilation: '-fuse-ld=lld' [-Wunused-command-line-argument]
[2/2] Linking CXX executable cmTC_d76e9


Source file was:
int main() { return 0; }
Performing C++ SOURCE FILE Test RANGE_V3_ALIGNED_NEW_PROBE succeeded with the following output:
Change Dir: /home/misha-sh/course/cmake-build-release/CMakeFiles/CMakeTmp

Run Build Command(s):/home/misha-sh/.local/share/JetBrains/Toolbox/apps/CLion/ch-0/213.6461.75/bin/ninja/linux/ninja cmTC_0369a && [1/2] Building CXX object CMakeFiles/cmTC_0369a.dir/src.cxx.o
clang: warning: argument unused during compilation: '-fuse-ld=lld' [-Wunused-command-line-argument]
[2/2] Linking CXX executable cmTC_0369a


Source file was:
#include <new>

int main() {
    struct alignas(__STDCPP_DEFAULT_NEW_ALIGNMENT__ * 4) S {};
    (void) ::operator new(sizeof(S), static_cast<std::align_val_t>(alignof(S)));
}

Determining if the include file pthread.h exists passed with the following output:
Change Dir: /home/misha-sh/course/cmake-build-release/CMakeFiles/CMakeTmp

Run Build Command(s):/home/misha-sh/.local/share/JetBrains/Toolbox/apps/CLion/ch-0/213.6461.75/bin/ninja/linux/ninja cmTC_0d806 && [1/2] Building CXX object CMakeFiles/cmTC_0d806.dir/CheckIncludeFile.cxx.o
clang: warning: argument unused during compilation: '-fuse-ld=lld' [-Wunused-command-line-argument]
[2/2] Linking CXX executable cmTC_0d806



Determining if the function pthread_create exists in the pthread passed with the following output:
Change Dir: /home/misha-sh/course/cmake-build-release/CMakeFiles/CMakeTmp

Run Build Command(s):/home/misha-sh/.local/share/JetBrains/Toolbox/apps/CLion/ch-0/213.6461.75/bin/ninja/linux/ninja cmTC_b9e41 && [1/2] Building CXX object CMakeFiles/cmTC_b9e41.dir/CheckFunctionExists.cxx.o
clang: warning: argument unused during compilation: '-fuse-ld=lld' [-Wunused-command-line-argument]
[2/2] Linking CXX executable cmTC_b9e41



Determining if the BZ2_bzCompressInit exist passed with the following output:
Change Dir: /home/misha-sh/course/cmake-build-release/CMakeFiles/CMakeTmp

Run Build Command(s):/home/misha-sh/.local/share/JetBrains/Toolbox/apps/CLion/ch-0/213.6461.75/bin/ninja/linux/ninja cmTC_e95f7 && [1/2] Building CXX object CMakeFiles/cmTC_e95f7.dir/CheckSymbolExists.cxx.o
clang: warning: argument unused during compilation: '-fuse-ld=lld' [-Wunused-command-line-argument]
[2/2] Linking CXX executable cmTC_e95f7


File /home/misha-sh/course/cmake-build-release/CMakeFiles/CMakeTmp/CheckSymbolExists.cxx:
/* */
#include <bzlib.h>

int main(int argc, char** argv)
{
  (void)argv;
#ifndef BZ2_bzCompressInit
  return ((int*)(&BZ2_bzCompressInit))[argc];
#else
  (void)argc;
  return 0;
#endif
}
Performing C++ SOURCE FILE Test HAVE_STDATOMIC succeeded with the following output:
Change Dir: /home/misha-sh/course/cmake-build-release/CMakeFiles/CMakeTmp

Run Build Command(s):/home/misha-sh/.local/share/JetBrains/Toolbox/apps/CLion/ch-0/213.6461.75/bin/ninja/linux/ninja cmTC_5a40e && [1/2] Building CXX object CMakeFiles/cmTC_5a40e.dir/src.cxx.o
clang: warning: argument unused during compilation: '-fuse-ld=lld' [-Wunused-command-line-argument]
[2/2] Linking CXX executable cmTC_5a40e


Source file was:
#include <atomic>
#include <cstdint>

void test(volatile std::atomic<std::int64_t> &a)
{
    std::int64_t v = a.load(std::memory_order_acquire);
    while (!a.compare_exchange_strong(v, v + 1,
                                      std::memory_order_acq_rel,
                                      std::memory_order_acquire)) {
        v = a.exchange(v - 1);
    }
    a.store(v + 1, std::memory_order_release);
}

int main(int, char **)
{
    void *ptr = (void*)0xffffffc0; // any random pointer
    test(*reinterpret_cast<std::atomic<std::int64_t> *>(ptr));
    return 0;
}
Performing C++ SOURCE FILE Test has_std_20_flag succeeded with the following output:
Change Dir: /home/misha-sh/course/cmake-build-release/CMakeFiles/CMakeTmp

Run Build Command(s):/home/misha-sh/.local/share/JetBrains/Toolbox/apps/CLion/ch-0/213.6461.75/bin/ninja/linux/ninja cmTC_dbb42 && [1/2] Building CXX object CMakeFiles/cmTC_dbb42.dir/src.cxx.o
clang: warning: argument unused during compilation: '-fuse-ld=lld' [-Wunused-command-line-argument]
[2/2] Linking CXX executable cmTC_dbb42


Source file was:
int main() { return 0; }
Performing C++ SOURCE FILE Test has_std_2a_flag succeeded with the following output:
Change Dir: /home/misha-sh/course/cmake-build-release/CMakeFiles/CMakeTmp

Run Build Command(s):/home/misha-sh/.local/share/JetBrains/Toolbox/apps/CLion/ch-0/213.6461.75/bin/ninja/linux/ninja cmTC_56929 && [1/2] Building CXX object CMakeFiles/cmTC_56929.dir/src.cxx.o
clang: warning: argument unused during compilation: '-fuse-ld=lld' [-Wunused-command-line-argument]
[2/2] Linking CXX executable cmTC_56929


Source file was:
int main() { return 0; }
Performing C++ SOURCE FILE Test SUPPORTS_USER_DEFINED_LITERALS succeeded with the following output:
Change Dir: /home/misha-sh/course/cmake-build-release/CMakeFiles/CMakeTmp

Run Build Command(s):/home/misha-sh/.local/share/JetBrains/Toolbox/apps/CLion/ch-0/213.6461.75/bin/ninja/linux/ninja cmTC_d44f1 && [1/2] Building CXX object CMakeFiles/cmTC_d44f1.dir/src.cxx.o
clang: warning: argument unused during compilation: '-fuse-ld=lld' [-Wunused-command-line-argument]
[2/2] Linking CXX executable cmTC_d44f1


Source file was:

  void operator"" _udl(long double);
  int main() {}
Performing C++ SOURCE FILE Test FMT_HAS_VARIANT succeeded with the following output:
Change Dir: /home/misha-sh/course/cmake-build-release/CMakeFiles/CMakeTmp

Run Build Command(s):/home/misha-sh/.local/share/JetBrains/Toolbox/apps/CLion/ch-0/213.6461.75/bin/ninja/linux/ninja cmTC_04a6c && [1/2] Building CXX object CMakeFiles/cmTC_04a6c.dir/src.cxx.o
clang: warning: argument unused during compilation: '-fuse-ld=lld' [-Wunused-command-line-argument]
[2/2] Linking CXX executable cmTC_04a6c


Source file was:

  #include <variant>
  int main() {}
Performing C++ SOURCE FILE Test HAS_NULLPTR_WARNING succeeded with the following output:
Change Dir: /home/misha-sh/course/cmake-build-release/CMakeFiles/CMakeTmp

Run Build Command(s):/home/misha-sh/.local/share/JetBrains/Toolbox/apps/CLion/ch-0/213.6461.75/bin/ninja/linux/ninja cmTC_76783 && [1/2] Building CXX object CMakeFiles/cmTC_76783.dir/src.cxx.o
clang: warning: argument unused during compilation: '-fuse-ld=lld' [-Wunused-command-line-argument]
[2/2] Linking CXX executable cmTC_76783


Source file was:
int main() { return 0; }
Determining if the strtod_l exist passed with the following output:
Change Dir: /home/misha-sh/course/cmake-build-release/CMakeFiles/CMakeTmp

Run Build Command(s):/home/misha-sh/.local/share/JetBrains/Toolbox/apps/CLion/ch-0/213.6461.75/bin/ninja/linux/ninja cmTC_93d71 && [1/2] Building CXX object CMakeFiles/cmTC_93d71.dir/CheckSymbolExists.cxx.o
clang: warning: argument unused during compilation: '-fuse-ld=lld' [-Wunused-command-line-argument]
[2/2] Linking CXX executable cmTC_93d71


File /home/misha-sh/course/cmake-build-release/CMakeFiles/CMakeTmp/CheckSymbolExists.cxx:
/* */
#include <stdlib.h>

int main(int argc, char** argv)
{
  (void)argv;
#ifndef strtod_l
  return ((int*)(&strtod_l))[argc];
#else
  (void)argc;
  return 0;
#endif
}
