Performing C++ SOURCE FILE Test RANGES_HAS_FMACRO_BACKTRACE_LIMIT failed with the following output:
Change Dir: /home/misha-sh/course/cmake-build-release/CMakeFiles/CMakeTmp

Run Build Command(s):/home/misha-sh/.local/share/JetBrains/Toolbox/apps/CLion/ch-0/213.6461.75/bin/ninja/linux/ninja cmTC_8da35 && [1/2] Building CXX object CMakeFiles/cmTC_8da35.dir/src.cxx.o
FAILED: CMakeFiles/cmTC_8da35.dir/src.cxx.o 
/usr/bin/c++ -DRANGES_HAS_FMACRO_BACKTRACE_LIMIT  -fuse-ld=lld    -fmacro-backtrace-limit=1 -o CMakeFiles/cmTC_8da35.dir/src.cxx.o -c /home/misha-sh/course/cmake-build-release/CMakeFiles/CMakeTmp/src.cxx
c++: error: unrecognized command-line option '-fmacro-backtrace-limit=1'; did you mean '-ftemplate-backtrace-limit='?
ninja: build stopped: subcommand failed.


Source file was:
int main() { return 0; }
Performing C++ SOURCE FILE Test RANGES_HAS_STRICT_VTABLE_POINTERS failed with the following output:
Change Dir: /home/misha-sh/course/cmake-build-release/CMakeFiles/CMakeTmp

Run Build Command(s):/home/misha-sh/.local/share/JetBrains/Toolbox/apps/CLion/ch-0/213.6461.75/bin/ninja/linux/ninja cmTC_1ebd2 && [1/2] Building CXX object CMakeFiles/cmTC_1ebd2.dir/src.cxx.o
FAILED: CMakeFiles/cmTC_1ebd2.dir/src.cxx.o 
/usr/bin/c++ -DRANGES_HAS_STRICT_VTABLE_POINTERS  -fuse-ld=lld    -fstrict-vtable-pointers -o CMakeFiles/cmTC_1ebd2.dir/src.cxx.o -c /home/misha-sh/course/cmake-build-release/CMakeFiles/CMakeTmp/src.cxx
c++: error: unrecognized command-line option '-fstrict-vtable-pointers'
ninja: build stopped: subcommand failed.


Source file was:
int main() { return 0; }
Performing C++ SOURCE FILE Test RANGES_HAS_VECTORIZE failed with the following output:
Change Dir: /home/misha-sh/course/cmake-build-release/CMakeFiles/CMakeTmp

Run Build Command(s):/home/misha-sh/.local/share/JetBrains/Toolbox/apps/CLion/ch-0/213.6461.75/bin/ninja/linux/ninja cmTC_ff152 && [1/2] Building CXX object CMakeFiles/cmTC_ff152.dir/src.cxx.o
FAILED: CMakeFiles/cmTC_ff152.dir/src.cxx.o 
/usr/bin/c++ -DRANGES_HAS_VECTORIZE  -fuse-ld=lld    -fvectorize -o CMakeFiles/cmTC_ff152.dir/src.cxx.o -c /home/misha-sh/course/cmake-build-release/CMakeFiles/CMakeTmp/src.cxx
c++: error: unrecognized command-line option '-fvectorize'
ninja: build stopped: subcommand failed.


Source file was:
int main() { return 0; }
Performing C++ SOURCE FILE Test CMAKE_HAVE_LIBC_PTHREAD failed with the following output:
Change Dir: /home/misha-sh/course/cmake-build-release/CMakeFiles/CMakeTmp

Run Build Command(s):/home/misha-sh/.local/share/JetBrains/Toolbox/apps/CLion/ch-0/213.6461.75/bin/ninja/linux/ninja cmTC_931fe && [1/2] Building CXX object CMakeFiles/cmTC_931fe.dir/src.cxx.o
[2/2] Linking CXX executable cmTC_931fe
FAILED: cmTC_931fe 
: && /usr/bin/c++ -fuse-ld=lld  CMakeFiles/cmTC_931fe.dir/src.cxx.o -o cmTC_931fe   && :
ld.lld: error: undefined symbol: pthread_create
>>> referenced by src.cxx
>>>               CMakeFiles/cmTC_931fe.dir/src.cxx.o:(main)

ld.lld: error: undefined symbol: pthread_detach
>>> referenced by src.cxx
>>>               CMakeFiles/cmTC_931fe.dir/src.cxx.o:(main)

ld.lld: error: undefined symbol: pthread_cancel
>>> referenced by src.cxx
>>>               CMakeFiles/cmTC_931fe.dir/src.cxx.o:(main)

ld.lld: error: undefined symbol: pthread_join
>>> referenced by src.cxx
>>>               CMakeFiles/cmTC_931fe.dir/src.cxx.o:(main)
collect2: error: ld returned 1 exit status
ninja: build stopped: subcommand failed.


Source file was:
#include <pthread.h>

static void* test_func(void* data)
{
  return data;
}

int main(void)
{
  pthread_t thread;
  pthread_create(&thread, NULL, test_func, NULL);
  pthread_detach(thread);
  pthread_cancel(thread);
  pthread_join(thread, NULL);
  pthread_atfork(NULL, NULL, NULL);
  pthread_exit(NULL);

  return 0;
}

Determining if the function pthread_create exists in the pthreads failed with the following output:
Change Dir: /home/misha-sh/course/cmake-build-release/CMakeFiles/CMakeTmp

Run Build Command(s):/home/misha-sh/.local/share/JetBrains/Toolbox/apps/CLion/ch-0/213.6461.75/bin/ninja/linux/ninja cmTC_f983c && [1/2] Building CXX object CMakeFiles/cmTC_f983c.dir/CheckFunctionExists.cxx.o
[2/2] Linking CXX executable cmTC_f983c
FAILED: cmTC_f983c 
: && /usr/bin/c++ -fuse-ld=lld -DCHECK_FUNCTION_EXISTS=pthread_create -rdynamic CMakeFiles/cmTC_f983c.dir/CheckFunctionExists.cxx.o -o cmTC_f983c  -lpthreads && :
ld.lld: error: unable to find library -lpthreads
collect2: error: ld returned 1 exit status
ninja: build stopped: subcommand failed.



